<?xml version="1.0" encoding="UTF-8"?>
<coverage generated="1761503151005" clover="3.2.0">
  <project timestamp="1761503151006" name="All files">
    <metrics statements="133" coveredstatements="109" conditionals="50" coveredconditionals="38" methods="39" coveredmethods="32" elements="222" coveredelements="179" complexity="0" loc="133" ncloc="133" packages="1" files="2" classes="2"/>
    <file name="logicaSorteo.ts" path="C:\Users\josue\OneDrive\Documentos\2ºDAW\DWEC\Ejercicios\PR0201Estructura del lenguaje JS y TS - Test de prueba\Trabajo-Grupal\Sorteo-Navideno\src\core\logicaSorteo.ts">
      <metrics statements="85" coveredstatements="74" conditionals="46" coveredconditionals="37" methods="25" coveredmethods="21"/>
      <line num="6" count="7" type="stmt"/>
      <line num="7" count="7" type="stmt"/>
      <line num="18" count="15" type="stmt"/>
      <line num="19" count="15" type="stmt"/>
      <line num="20" count="15" type="stmt"/>
      <line num="24" count="15" type="cond" truecount="3" falsecount="0"/>
      <line num="28" count="31" type="stmt"/>
      <line num="29" count="31" type="stmt"/>
      <line num="34" count="4" type="stmt"/>
      <line num="35" count="4" type="stmt"/>
      <line num="36" count="4" type="stmt"/>
      <line num="37" count="4" type="stmt"/>
      <line num="40" count="4" type="cond" truecount="1" falsecount="1"/>
      <line num="41" count="0" type="stmt"/>
      <line num="43" count="4" type="stmt"/>
      <line num="48" count="29" type="stmt"/>
      <line num="49" count="2900" type="stmt"/>
      <line num="50" count="2900" type="stmt"/>
      <line num="56" count="44" type="stmt"/>
      <line num="57" count="4400" type="stmt"/>
      <line num="59" count="44" type="stmt"/>
      <line num="60" count="33" type="stmt"/>
      <line num="70" count="25" type="stmt"/>
      <line num="71" count="25" type="stmt"/>
      <line num="73" count="25" type="stmt"/>
      <line num="74" count="0" type="stmt"/>
      <line num="77" count="25" type="stmt"/>
      <line num="79" count="0" type="stmt"/>
      <line num="82" count="25" type="cond" truecount="2" falsecount="0"/>
      <line num="84" count="25" type="cond" truecount="1" falsecount="1"/>
      <line num="90" count="17" type="stmt"/>
      <line num="91" count="17" type="cond" truecount="2" falsecount="0"/>
      <line num="92" count="16" type="stmt"/>
      <line num="93" count="3" type="cond" truecount="2" falsecount="0"/>
      <line num="94" count="1" type="stmt"/>
      <line num="97" count="15" type="stmt"/>
      <line num="98" count="15" type="stmt"/>
      <line num="99" count="15" type="stmt"/>
      <line num="100" count="15" type="cond" truecount="2" falsecount="0"/>
      <line num="102" count="14" type="stmt"/>
      <line num="103" count="14" type="stmt"/>
      <line num="106" count="0" type="stmt"/>
      <line num="107" count="2" type="stmt"/>
      <line num="111" count="0" type="cond" truecount="0" falsecount="2"/>
      <line num="112" count="0" type="stmt"/>
      <line num="116" count="0" type="stmt"/>
      <line num="117" count="0" type="cond" truecount="0" falsecount="2"/>
      <line num="118" count="0" type="stmt"/>
      <line num="122" count="0" type="stmt"/>
      <line num="126" count="27" type="stmt"/>
      <line num="127" count="27" type="cond" truecount="2" falsecount="0"/>
      <line num="128" count="26" type="stmt"/>
      <line num="132" count="3" type="stmt"/>
      <line num="133" count="3" type="stmt"/>
      <line num="134" count="3" type="cond" truecount="1" falsecount="1"/>
      <line num="135" count="0" type="stmt"/>
      <line num="137" count="3" type="cond" truecount="2" falsecount="0"/>
      <line num="138" count="1" type="stmt"/>
      <line num="140" count="2" type="stmt"/>
      <line num="144" count="500" type="stmt"/>
      <line num="145" count="500" type="stmt"/>
      <line num="146" count="500" type="cond" truecount="1" falsecount="1"/>
      <line num="148" count="500" type="cond" truecount="2" falsecount="0"/>
      <line num="150" count="500" type="stmt"/>
      <line num="159" count="2" type="stmt"/>
      <line num="160" count="2" type="stmt"/>
      <line num="161" count="200" type="cond" truecount="2" falsecount="0"/>
      <line num="163" count="2" type="stmt"/>
      <line num="167" count="500" type="stmt"/>
      <line num="171" count="5" type="stmt"/>
      <line num="172" count="3" type="stmt"/>
      <line num="174" count="3" type="cond" truecount="4" falsecount="0"/>
      <line num="175" count="2" type="stmt"/>
      <line num="176" count="2" type="stmt"/>
      <line num="182" count="1" type="stmt"/>
      <line num="191" count="6" type="stmt"/>
      <line num="192" count="600" type="cond" truecount="2" falsecount="0"/>
      <line num="194" count="6" type="stmt"/>
      <line num="195" count="6" type="stmt"/>
      <line num="196" count="6" type="stmt"/>
      <line num="198" count="6" type="stmt"/>
      <line num="208" count="535" type="cond" truecount="1" falsecount="1"/>
      <line num="209" count="535" type="cond" truecount="5" falsecount="0"/>
      <line num="210" count="2" type="stmt"/>
      <line num="212" count="533" type="stmt"/>
    </file>
    <file name="sorteoService.ts" path="C:\Users\josue\OneDrive\Documentos\2ºDAW\DWEC\Ejercicios\PR0201Estructura del lenguaje JS y TS - Test de prueba\Trabajo-Grupal\Sorteo-Navideno\src\core\sorteoService.ts">
      <metrics statements="48" coveredstatements="35" conditionals="4" coveredconditionals="1" methods="14" coveredmethods="11"/>
      <line num="1" count="4" type="stmt"/>
      <line num="4" count="4" type="stmt"/>
      <line num="6" count="4" type="stmt"/>
      <line num="9" count="4" type="stmt"/>
      <line num="10" count="4" type="stmt"/>
      <line num="11" count="4" type="cond" truecount="1" falsecount="1"/>
      <line num="12" count="0" type="stmt"/>
      <line num="13" count="0" type="stmt"/>
      <line num="17" count="0" type="stmt"/>
      <line num="22" count="44" type="stmt"/>
      <line num="23" count="44" type="stmt"/>
      <line num="24" count="44" type="stmt"/>
      <line num="26" count="0" type="stmt"/>
      <line num="31" count="4" type="stmt"/>
      <line num="33" count="4" type="stmt"/>
      <line num="34" count="26" type="stmt"/>
      <line num="37" count="4" type="stmt"/>
      <line num="38" count="17" type="stmt"/>
      <line num="39" count="14" type="stmt"/>
      <line num="40" count="14" type="stmt"/>
      <line num="43" count="4" type="stmt"/>
      <line num="44" count="0" type="stmt"/>
      <line num="45" count="0" type="stmt"/>
      <line num="48" count="4" type="stmt"/>
      <line num="49" count="27" type="stmt"/>
      <line num="50" count="26" type="stmt"/>
      <line num="53" count="4" type="stmt"/>
      <line num="54" count="2" type="stmt"/>
      <line num="55" count="1" type="stmt"/>
      <line num="58" count="4" type="stmt"/>
      <line num="59" count="5" type="stmt"/>
      <line num="60" count="3" type="stmt"/>
      <line num="61" count="3" type="stmt"/>
      <line num="62" count="3" type="stmt"/>
      <line num="64" count="0" type="stmt"/>
      <line num="66" count="3" type="stmt"/>
      <line num="69" count="5" type="stmt"/>
      <line num="70" count="4" type="stmt"/>
      <line num="71" count="4" type="stmt"/>
      <line num="72" count="6" type="stmt"/>
      <line num="74" count="4" type="stmt"/>
      <line num="75" count="0" type="stmt"/>
      <line num="76" count="0" type="stmt"/>
      <line num="77" count="0" type="cond" truecount="0" falsecount="2"/>
      <line num="79" count="0" type="stmt"/>
      <line num="83" count="4" type="stmt"/>
      <line num="84" count="0" type="stmt"/>
      <line num="85" count="0" type="stmt"/>
    </file>
  </project>
</coverage>
