TN:
SF:src\core\logicaSorteo.ts
FN:5,(anonymous_0)
FN:17,(anonymous_1)
FN:23,(anonymous_2)
FN:27,(anonymous_3)
FN:39,(anonymous_4)
FN:47,(anonymous_5)
FN:55,(anonymous_6)
FN:57,(anonymous_7)
FN:60,(anonymous_8)
FN:69,(anonymous_9)
FN:73,(anonymous_10)
FN:77,(anonymous_11)
FN:88,(anonymous_12)
FN:106,(anonymous_13)
FN:107,(anonymous_14)
FN:110,(anonymous_15)
FN:125,(anonymous_16)
FN:131,(anonymous_17)
FN:143,(anonymous_18)
FN:158,(anonymous_19)
FN:166,(anonymous_20)
FN:167,(anonymous_21)
FN:170,(anonymous_22)
FN:190,(anonymous_23)
FN:207,(anonymous_24)
FNF:25
FNH:21
FNDA:7,(anonymous_0)
FNDA:15,(anonymous_1)
FNDA:15,(anonymous_2)
FNDA:31,(anonymous_3)
FNDA:4,(anonymous_4)
FNDA:29,(anonymous_5)
FNDA:44,(anonymous_6)
FNDA:4400,(anonymous_7)
FNDA:33,(anonymous_8)
FNDA:25,(anonymous_9)
FNDA:0,(anonymous_10)
FNDA:0,(anonymous_11)
FNDA:17,(anonymous_12)
FNDA:0,(anonymous_13)
FNDA:2,(anonymous_14)
FNDA:0,(anonymous_15)
FNDA:27,(anonymous_16)
FNDA:3,(anonymous_17)
FNDA:500,(anonymous_18)
FNDA:2,(anonymous_19)
FNDA:5,(anonymous_20)
FNDA:500,(anonymous_21)
FNDA:5,(anonymous_22)
FNDA:6,(anonymous_23)
FNDA:535,(anonymous_24)
DA:6,7
DA:7,7
DA:18,15
DA:19,15
DA:20,15
DA:24,15
DA:28,31
DA:29,31
DA:34,4
DA:35,4
DA:36,4
DA:37,4
DA:40,4
DA:41,0
DA:43,4
DA:48,29
DA:49,2900
DA:50,2900
DA:56,44
DA:57,4400
DA:59,44
DA:60,33
DA:70,25
DA:71,25
DA:73,25
DA:74,0
DA:77,25
DA:79,0
DA:82,25
DA:84,25
DA:90,17
DA:91,17
DA:92,16
DA:93,3
DA:94,1
DA:97,15
DA:98,15
DA:99,15
DA:100,15
DA:102,14
DA:103,14
DA:106,0
DA:107,2
DA:111,0
DA:112,0
DA:116,0
DA:117,0
DA:118,0
DA:122,0
DA:126,27
DA:127,27
DA:128,26
DA:132,3
DA:133,3
DA:134,3
DA:135,0
DA:137,3
DA:138,1
DA:140,2
DA:144,500
DA:145,500
DA:146,500
DA:148,500
DA:150,500
DA:159,2
DA:160,2
DA:161,200
DA:163,2
DA:167,500
DA:171,5
DA:172,3
DA:174,3
DA:175,2
DA:176,2
DA:182,1
DA:191,6
DA:192,600
DA:194,6
DA:195,6
DA:196,6
DA:198,6
DA:208,535
DA:209,535
DA:210,2
DA:212,533
LF:85
LH:74
BRDA:24,0,0,15
BRDA:24,0,1,14
BRDA:24,0,2,14
BRDA:40,1,0,0
BRDA:40,1,1,4
BRDA:82,2,0,25
BRDA:82,2,1,25
BRDA:84,3,0,25
BRDA:84,3,1,0
BRDA:91,4,0,1
BRDA:91,4,1,16
BRDA:93,5,0,1
BRDA:93,5,1,2
BRDA:100,6,0,1
BRDA:100,6,1,14
BRDA:111,7,0,0
BRDA:111,7,1,0
BRDA:117,8,0,0
BRDA:117,8,1,0
BRDA:127,9,0,1
BRDA:127,9,1,26
BRDA:134,10,0,0
BRDA:134,10,1,3
BRDA:137,11,0,1
BRDA:137,11,1,2
BRDA:146,12,0,0
BRDA:146,12,1,500
BRDA:148,13,0,2
BRDA:148,13,1,498
BRDA:154,14,0,2
BRDA:154,14,1,498
BRDA:161,15,0,4
BRDA:161,15,1,196
BRDA:174,16,0,2
BRDA:174,16,1,1
BRDA:174,17,0,3
BRDA:174,17,1,2
BRDA:192,18,0,17
BRDA:192,18,1,583
BRDA:208,19,0,535
BRDA:208,19,1,0
BRDA:209,20,0,2
BRDA:209,20,1,533
BRDA:209,21,0,535
BRDA:209,21,1,535
BRDA:209,21,2,534
BRF:46
BRH:37
end_of_record
TN:
SF:src\core\sorteoService.ts
FN:8,load
FN:21,save
FN:33,getSorteoInstance
FN:37,registrarParticipante
FN:43,eliminarParticipante
FN:48,reservarNumero
FN:53,liberarNumero
FN:58,realizarSorteo
FN:69,getEstadoTablero
FN:70,getListaParticipantes
FN:71,getNumerosReservadosPorParticipante
FN:72,getEstadisticas
FN:74,getLastResult
FN:83,clearLastResult
FNF:14
FNH:11
FNDA:4,load
FNDA:44,save
FNDA:26,getSorteoInstance
FNDA:17,registrarParticipante
FNDA:0,eliminarParticipante
FNDA:27,reservarNumero
FNDA:2,liberarNumero
FNDA:5,realizarSorteo
FNDA:5,getEstadoTablero
FNDA:2,getListaParticipantes
FNDA:2,getNumerosReservadosPorParticipante
FNDA:6,getEstadisticas
FNDA:0,getLastResult
FNDA:0,clearLastResult
DA:1,4
DA:4,4
DA:6,4
DA:9,4
DA:10,4
DA:11,4
DA:12,0
DA:13,0
DA:17,0
DA:22,44
DA:23,44
DA:24,44
DA:26,0
DA:31,4
DA:33,4
DA:34,26
DA:37,4
DA:38,17
DA:39,14
DA:40,14
DA:43,4
DA:44,0
DA:45,0
DA:48,4
DA:49,27
DA:50,26
DA:53,4
DA:54,2
DA:55,1
DA:58,4
DA:59,5
DA:60,3
DA:61,3
DA:62,3
DA:64,0
DA:66,3
DA:69,5
DA:70,4
DA:71,4
DA:72,6
DA:74,4
DA:75,0
DA:76,0
DA:77,0
DA:79,0
DA:83,4
DA:84,0
DA:85,0
LF:48
LH:35
BRDA:11,0,0,0
BRDA:11,0,1,4
BRDA:77,1,0,0
BRDA:77,1,1,0
BRF:4
BRH:1
end_of_record
