{"C:\\Users\\fran.matias\\Documents\\dwec\\02\\ejemplos\\02jest-todoservice-ts\\src\\TodoService.ts": {"path":"C:\\Users\\fran.matias\\Documents\\dwec\\02\\ejemplos\\02jest-todoservice-ts\\src\\TodoService.ts","statementMap":{"0":{"start":{"line":14,"column":10},"end":{"line":14,"column":29}},"1":{"start":{"line":15,"column":10},"end":{"line":15,"column":31}},"2":{"start":{"line":18,"column":4},"end":{"line":18,"column":16}},"3":{"start":{"line":22,"column":4},"end":{"line":22,"column":27}},"4":{"start":{"line":26,"column":16},"end":{"line":26,"column":26}},"5":{"start":{"line":27,"column":23},"end":{"line":32,"column":6}},"6":{"start":{"line":33,"column":4},"end":{"line":33,"column":26}},"7":{"start":{"line":34,"column":4},"end":{"line":34,"column":16}},"8":{"start":{"line":35,"column":4},"end":{"line":35,"column":16}},"9":{"start":{"line":39,"column":14},"end":{"line":39,"column":49}},"10":{"start":{"line":39,"column":37},"end":{"line":39,"column":48}},"11":{"start":{"line":40,"column":4},"end":{"line":40,"column":29}},"12":{"start":{"line":40,"column":12},"end":{"line":40,"column":29}},"13":{"start":{"line":41,"column":4},"end":{"line":41,"column":21}},"14":{"start":{"line":42,"column":4},"end":{"line":42,"column":16}},"15":{"start":{"line":43,"column":4},"end":{"line":43,"column":13}},"16":{"start":{"line":47,"column":16},"end":{"line":47,"column":56}},"17":{"start":{"line":47,"column":44},"end":{"line":47,"column":55}},"18":{"start":{"line":48,"column":4},"end":{"line":48,"column":33}},"19":{"start":{"line":48,"column":20},"end":{"line":48,"column":33}},"20":{"start":{"line":49,"column":4},"end":{"line":49,"column":30}},"21":{"start":{"line":50,"column":4},"end":{"line":50,"column":16}},"22":{"start":{"line":51,"column":4},"end":{"line":51,"column":16}},"23":{"start":{"line":55,"column":19},"end":{"line":55,"column":36}},"24":{"start":{"line":56,"column":4},"end":{"line":56,"column":51}},"25":{"start":{"line":56,"column":42},"end":{"line":56,"column":49}},"26":{"start":{"line":57,"column":20},"end":{"line":57,"column":46}},"27":{"start":{"line":58,"column":4},"end":{"line":58,"column":33}},"28":{"start":{"line":58,"column":21},"end":{"line":58,"column":33}},"29":{"start":{"line":59,"column":4},"end":{"line":59,"column":19}},"30":{"start":{"line":63,"column":4},"end":{"line":67,"column":5}},"31":{"start":{"line":64,"column":6},"end":{"line":64,"column":79}},"32":{"start":{"line":71,"column":4},"end":{"line":77,"column":5}},"33":{"start":{"line":72,"column":18},"end":{"line":72,"column":62}},"34":{"start":{"line":73,"column":6},"end":{"line":73,"column":23}},"35":{"start":{"line":73,"column":16},"end":{"line":73,"column":23}},"36":{"start":{"line":74,"column":6},"end":{"line":74,"column":45}},"37":{"start":{"line":76,"column":6},"end":{"line":76,"column":22}},"38":{"start":{"line":82,"column":4},"end":{"line":82,"column":24}},"39":{"start":{"line":83,"column":4},"end":{"line":83,"column":16}},"40":{"start":{"line":13,"column":0},"end":{"line":13,"column":21}}},"fnMap":{"0":{"name":"(anonymous_0)","decl":{"start":{"line":17,"column":2},"end":{"line":17,"column":null}},"loc":{"start":{"line":17,"column":2},"end":{"line":19,"column":3}}},"1":{"name":"(anonymous_1)","decl":{"start":{"line":21,"column":2},"end":{"line":21,"column":8}},"loc":{"start":{"line":21,"column":8},"end":{"line":23,"column":3}}},"2":{"name":"(anonymous_2)","decl":{"start":{"line":25,"column":2},"end":{"line":25,"column":5}},"loc":{"start":{"line":25,"column":18},"end":{"line":36,"column":3}}},"3":{"name":"(anonymous_3)","decl":{"start":{"line":38,"column":2},"end":{"line":38,"column":8}},"loc":{"start":{"line":38,"column":19},"end":{"line":44,"column":3}}},"4":{"name":"(anonymous_4)","decl":{"start":{"line":39,"column":30},"end":{"line":39,"column":31}},"loc":{"start":{"line":39,"column":37},"end":{"line":39,"column":48}}},"5":{"name":"(anonymous_5)","decl":{"start":{"line":46,"column":2},"end":{"line":46,"column":8}},"loc":{"start":{"line":46,"column":19},"end":{"line":52,"column":3}}},"6":{"name":"(anonymous_6)","decl":{"start":{"line":47,"column":37},"end":{"line":47,"column":38}},"loc":{"start":{"line":47,"column":44},"end":{"line":47,"column":55}}},"7":{"name":"(anonymous_7)","decl":{"start":{"line":54,"column":2},"end":{"line":54,"column":16}},"loc":{"start":{"line":54,"column":16},"end":{"line":60,"column":3}}},"8":{"name":"(anonymous_8)","decl":{"start":{"line":56,"column":35},"end":{"line":56,"column":36}},"loc":{"start":{"line":56,"column":42},"end":{"line":56,"column":49}}},"9":{"name":"(anonymous_9)","decl":{"start":{"line":62,"column":10},"end":{"line":62,"column":14}},"loc":{"start":{"line":62,"column":14},"end":{"line":68,"column":3}}},"10":{"name":"(anonymous_10)","decl":{"start":{"line":70,"column":10},"end":{"line":70,"column":14}},"loc":{"start":{"line":70,"column":14},"end":{"line":78,"column":3}}},"11":{"name":"(anonymous_11)","decl":{"start":{"line":81,"column":2},"end":{"line":81,"column":15}},"loc":{"start":{"line":81,"column":25},"end":{"line":84,"column":3}}}},"branchMap":{"0":{"loc":{"start":{"line":40,"column":4},"end":{"line":40,"column":29}},"type":"if","locations":[{"start":{"line":40,"column":4},"end":{"line":40,"column":29}},{"start":{},"end":{}}]},"1":{"loc":{"start":{"line":48,"column":4},"end":{"line":48,"column":33}},"type":"if","locations":[{"start":{"line":48,"column":4},"end":{"line":48,"column":33}},{"start":{},"end":{}}]},"2":{"loc":{"start":{"line":58,"column":4},"end":{"line":58,"column":33}},"type":"if","locations":[{"start":{"line":58,"column":4},"end":{"line":58,"column":33}},{"start":{},"end":{}}]},"3":{"loc":{"start":{"line":73,"column":6},"end":{"line":73,"column":23}},"type":"if","locations":[{"start":{"line":73,"column":6},"end":{"line":73,"column":23}},{"start":{},"end":{}}]}},"s":{"0":10,"1":10,"2":10,"3":7,"4":8,"5":8,"6":8,"7":8,"8":8,"9":3,"10":3,"11":3,"12":1,"13":2,"14":2,"15":2,"16":2,"17":1,"18":2,"19":1,"20":1,"21":1,"22":1,"23":2,"24":2,"25":4,"26":2,"27":2,"28":1,"29":2,"30":12,"31":12,"32":19,"33":19,"34":19,"35":18,"36":1,"37":0,"38":9,"39":9,"40":1},"f":{"0":10,"1":7,"2":8,"3":3,"4":3,"5":2,"6":1,"7":2,"8":4,"9":12,"10":19,"11":9},"b":{"0":[1,2],"1":[1,1],"2":[1,1],"3":[18,1]}}
}
