TN:
SF:src\TodoService.ts
FN:17,(anonymous_0)
FN:21,(anonymous_1)
FN:25,(anonymous_2)
FN:38,(anonymous_3)
FN:39,(anonymous_4)
FN:46,(anonymous_5)
FN:47,(anonymous_6)
FN:54,(anonymous_7)
FN:56,(anonymous_8)
FN:62,(anonymous_9)
FN:70,(anonymous_10)
FN:81,(anonymous_11)
FNF:12
FNH:12
FNDA:10,(anonymous_0)
FNDA:7,(anonymous_1)
FNDA:8,(anonymous_2)
FNDA:3,(anonymous_3)
FNDA:3,(anonymous_4)
FNDA:2,(anonymous_5)
FNDA:1,(anonymous_6)
FNDA:2,(anonymous_7)
FNDA:4,(anonymous_8)
FNDA:12,(anonymous_9)
FNDA:19,(anonymous_10)
FNDA:9,(anonymous_11)
DA:13,1
DA:14,10
DA:15,10
DA:18,10
DA:22,7
DA:26,8
DA:27,8
DA:33,8
DA:34,8
DA:35,8
DA:39,3
DA:40,3
DA:41,2
DA:42,2
DA:43,2
DA:47,2
DA:48,2
DA:49,1
DA:50,1
DA:51,1
DA:55,2
DA:56,4
DA:57,2
DA:58,2
DA:59,2
DA:63,12
DA:64,12
DA:71,19
DA:72,19
DA:73,19
DA:74,1
DA:76,0
DA:82,9
DA:83,9
LF:34
LH:33
BRDA:40,0,0,1
BRDA:40,0,1,2
BRDA:48,1,0,1
BRDA:48,1,1,1
BRDA:58,2,0,1
BRDA:58,2,1,1
BRDA:73,3,0,18
BRDA:73,3,1,1
BRF:8
BRH:8
end_of_record
