TN:
SF:src\App.tsx
FN:76,(anonymous_0)
FN:82,(anonymous_1)
FN:87,(anonymous_2)
FN:94,(anonymous_3)
FN:150,(anonymous_4)
FN:163,(anonymous_5)
FNF:6
FNH:6
FNDA:16,(anonymous_0)
FNDA:13,(anonymous_1)
FNDA:3,(anonymous_2)
FNDA:5,(anonymous_3)
FNDA:128,(anonymous_4)
FNDA:22,(anonymous_5)
DA:7,1
DA:76,1
DA:77,16
DA:78,16
DA:79,16
DA:82,16
DA:83,13
DA:87,16
DA:88,3
DA:89,3
DA:90,3
DA:94,16
DA:95,5
DA:96,5
DA:99,5
DA:100,5
DA:105,16
DA:117,16
DA:151,128
DA:164,22
LF:20
LH:20
BRDA:99,0,0,5
BRDA:99,0,1,0
BRDA:139,1,0,3
BRDA:139,1,1,13
BRDA:161,2,0,8
BRDA:161,2,1,8
BRDA:166,3,0,20
BRDA:166,3,1,2
BRF:8
BRH:7
end_of_record
TN:
SF:src\utils\textAnalyzer.ts
FN:40,(anonymous_0)
FN:50,(anonymous_1)
FN:51,(anonymous_2)
FN:59,(anonymous_3)
FN:63,(anonymous_4)
FN:77,(anonymous_5)
FN:105,(anonymous_6)
FN:108,(anonymous_7)
FN:114,(anonymous_8)
FN:115,(anonymous_9)
FNF:10
FNH:10
FNDA:44,(anonymous_0)
FNDA:240,(anonymous_1)
FNDA:220,(anonymous_2)
FNDA:22,(anonymous_3)
FNDA:107,(anonymous_4)
FNDA:32,(anonymous_5)
FNDA:24,(anonymous_6)
FNDA:107,(anonymous_7)
FNDA:57,(anonymous_8)
FNDA:37,(anonymous_9)
DA:22,2
DA:40,2
DA:42,44
DA:45,44
DA:46,44
DA:49,44
DA:50,240
DA:51,220
DA:59,2
DA:60,22
DA:61,22
DA:63,22
DA:64,107
DA:65,71
DA:69,22
DA:77,2
DA:78,32
DA:79,10
DA:93,22
DA:94,22
DA:96,22
DA:97,22
DA:99,22
DA:100,22
DA:102,22
DA:103,22
DA:105,24
DA:106,22
DA:108,107
DA:109,22
DA:111,22
DA:113,22
DA:114,57
DA:115,37
DA:118,22
LF:35
LH:35
BRDA:64,0,0,71
BRDA:64,0,1,36
BRDA:65,1,0,71
BRDA:65,1,1,57
BRDA:78,2,0,10
BRDA:78,2,1,22
BRDA:78,3,0,32
BRDA:78,3,1,22
BRDA:103,4,0,9
BRDA:103,4,1,13
BRDA:109,5,0,22
BRDA:109,5,1,0
BRDA:111,6,0,9
BRDA:111,6,1,13
BRF:14
BRH:13
end_of_record
