{"C:\\Users\\fran.matias\\Documents\\dwec\\02\\ejemplos\\00jest-calculadoratest-ts\\src\\app.ts": {"path":"C:\\Users\\fran.matias\\Documents\\dwec\\02\\ejemplos\\00jest-calculadoratest-ts\\src\\app.ts","statementMap":{"0":{"start":{"line":2,"column":0},"end":{"line":2,"column":44}},"1":{"start":{"line":4,"column":20},"end":{"line":4,"column":37}},"2":{"start":{"line":7,"column":0},"end":{"line":7,"column":37}},"3":{"start":{"line":8,"column":0},"end":{"line":8,"column":40}},"4":{"start":{"line":9,"column":0},"end":{"line":9,"column":40}},"5":{"start":{"line":10,"column":0},"end":{"line":10,"column":42}},"6":{"start":{"line":11,"column":0},"end":{"line":11,"column":47}}},"fnMap":{},"branchMap":{},"s":{"0":0,"1":0,"2":0,"3":0,"4":0,"5":0,"6":0},"f":{},"b":{}}
,"C:\\Users\\fran.matias\\Documents\\dwec\\02\\ejemplos\\00jest-calculadoratest-ts\\src\\calculadora.ts": {"path":"C:\\Users\\fran.matias\\Documents\\dwec\\02\\ejemplos\\00jest-calculadoratest-ts\\src\\calculadora.ts","statementMap":{"0":{"start":{"line":43,"column":4},"end":{"line":43,"column":17}},"1":{"start":{"line":53,"column":4},"end":{"line":53,"column":17}},"2":{"start":{"line":63,"column":4},"end":{"line":63,"column":17}},"3":{"start":{"line":74,"column":4},"end":{"line":76,"column":5}},"4":{"start":{"line":75,"column":6},"end":{"line":75,"column":54}},"5":{"start":{"line":77,"column":4},"end":{"line":77,"column":17}},"6":{"start":{"line":87,"column":4},"end":{"line":87,"column":37}},"7":{"start":{"line":98,"column":4},"end":{"line":102,"column":5}},"8":{"start":{"line":99,"column":6},"end":{"line":101,"column":8}},"9":{"start":{"line":103,"column":4},"end":{"line":103,"column":29}},"10":{"start":{"line":114,"column":4},"end":{"line":114,"column":17}},"11":{"start":{"line":125,"column":4},"end":{"line":125,"column":45}},"12":{"start":{"line":35,"column":0},"end":{"line":35,"column":13}}},"fnMap":{"0":{"name":"(anonymous_0)","decl":{"start":{"line":42,"column":2},"end":{"line":42,"column":7}},"loc":{"start":{"line":42,"column":28},"end":{"line":44,"column":3}}},"1":{"name":"(anonymous_1)","decl":{"start":{"line":52,"column":2},"end":{"line":52,"column":8}},"loc":{"start":{"line":52,"column":29},"end":{"line":54,"column":3}}},"2":{"name":"(anonymous_2)","decl":{"start":{"line":62,"column":2},"end":{"line":62,"column":13}},"loc":{"start":{"line":62,"column":34},"end":{"line":64,"column":3}}},"3":{"name":"(anonymous_3)","decl":{"start":{"line":73,"column":2},"end":{"line":73,"column":9}},"loc":{"start":{"line":73,"column":30},"end":{"line":78,"column":3}}},"4":{"name":"(anonymous_4)","decl":{"start":{"line":86,"column":2},"end":{"line":86,"column":10}},"loc":{"start":{"line":86,"column":42},"end":{"line":88,"column":3}}},"5":{"name":"(anonymous_5)","decl":{"start":{"line":97,"column":2},"end":{"line":97,"column":14}},"loc":{"start":{"line":97,"column":29},"end":{"line":104,"column":3}}},"6":{"name":"(anonymous_6)","decl":{"start":{"line":113,"column":2},"end":{"line":113,"column":8}},"loc":{"start":{"line":113,"column":29},"end":{"line":115,"column":3}}},"7":{"name":"(anonymous_7)","decl":{"start":{"line":124,"column":2},"end":{"line":124,"column":11}},"loc":{"start":{"line":124,"column":49},"end":{"line":126,"column":3}}}},"branchMap":{"0":{"loc":{"start":{"line":74,"column":4},"end":{"line":76,"column":5}},"type":"if","locations":[{"start":{"line":74,"column":4},"end":{"line":76,"column":5}},{"start":{},"end":{}}]},"1":{"loc":{"start":{"line":98,"column":4},"end":{"line":102,"column":5}},"type":"if","locations":[{"start":{"line":98,"column":4},"end":{"line":102,"column":5}},{"start":{},"end":{}}]},"2":{"loc":{"start":{"line":124,"column":28},"end":{"line":124,"column":49}},"type":"default-arg","locations":[{"start":{"line":124,"column":48},"end":{"line":124,"column":49}}]}},"s":{"0":1,"1":1,"2":1,"3":3,"4":2,"5":1,"6":0,"7":1,"8":0,"9":1,"10":0,"11":1,"12":1},"f":{"0":1,"1":1,"2":1,"3":3,"4":0,"5":1,"6":0,"7":1},"b":{"0":[2,1],"1":[0,1],"2":[1]}}
}
