TN:
SF:src\app.ts
FNF:0
FNH:0
DA:2,0
DA:4,0
DA:7,0
DA:8,0
DA:9,0
DA:10,0
DA:11,0
LF:7
LH:0
BRF:0
BRH:0
end_of_record
TN:
SF:src\calculadora.ts
FN:42,(anonymous_0)
FN:52,(anonymous_1)
FN:62,(anonymous_2)
FN:73,(anonymous_3)
FN:86,(anonymous_4)
FN:97,(anonymous_5)
FN:113,(anonymous_6)
FN:124,(anonymous_7)
FNF:8
FNH:6
FNDA:1,(anonymous_0)
FNDA:1,(anonymous_1)
FNDA:1,(anonymous_2)
FNDA:3,(anonymous_3)
FNDA:0,(anonymous_4)
FNDA:1,(anonymous_5)
FNDA:0,(anonymous_6)
FNDA:1,(anonymous_7)
DA:35,1
DA:43,1
DA:53,1
DA:63,1
DA:74,3
DA:75,2
DA:77,1
DA:87,0
DA:98,1
DA:99,0
DA:103,1
DA:114,0
DA:125,1
LF:13
LH:10
BRDA:74,0,0,2
BRDA:74,0,1,1
BRDA:98,1,0,0
BRDA:98,1,1,1
BRDA:124,2,0,1
BRF:5
BRH:4
end_of_record
