<?xml version="1.0" encoding="UTF-8"?>
<coverage generated="1759912874408" clover="3.2.0">
  <project timestamp="1759912874408" name="All files">
    <metrics statements="60" coveredstatements="60" conditionals="34" coveredconditionals="34" methods="24" coveredmethods="24" elements="118" coveredelements="118" complexity="0" loc="60" ncloc="60" packages="1" files="3" classes="3"/>
    <file name="BankAccount.js" path="C:\Users\fran.matias\Documents\dwec\02\ejemplos\01jest-bankaccountyotros-js\src\BankAccount.js">
      <metrics statements="28" coveredstatements="28" conditionals="16" coveredconditionals="16" methods="7" coveredmethods="7"/>
      <line num="3" count="36" type="stmt"/>
      <line num="4" count="36" type="stmt"/>
      <line num="5" count="36" type="stmt"/>
      <line num="9" count="33" type="cond" truecount="2" falsecount="0"/>
      <line num="10" count="2" type="stmt"/>
      <line num="12" count="31" type="cond" truecount="2" falsecount="0"/>
      <line num="13" count="2" type="stmt"/>
      <line num="15" count="29" type="stmt"/>
      <line num="19" count="16" type="cond" truecount="2" falsecount="0"/>
      <line num="20" count="2" type="stmt"/>
      <line num="22" count="14" type="cond" truecount="2" falsecount="0"/>
      <line num="23" count="3" type="stmt"/>
      <line num="25" count="11" type="cond" truecount="2" falsecount="0"/>
      <line num="26" count="2" type="stmt"/>
      <line num="28" count="9" type="stmt"/>
      <line num="32" count="14" type="stmt"/>
      <line num="36" count="4" type="stmt"/>
      <line num="40" count="10" type="cond" truecount="2" falsecount="0"/>
      <line num="41" count="2" type="stmt"/>
      <line num="43" count="8" type="cond" truecount="2" falsecount="0"/>
      <line num="44" count="1" type="stmt"/>
      <line num="46" count="7" type="stmt"/>
      <line num="47" count="5" type="stmt"/>
      <line num="51" count="8" type="cond" truecount="2" falsecount="0"/>
      <line num="52" count="1" type="stmt"/>
      <line num="54" count="7" type="stmt"/>
      <line num="55" count="7" type="stmt"/>
      <line num="59" count="1" type="stmt"/>
    </file>
    <file name="calculadora.js" path="C:\Users\fran.matias\Documents\dwec\02\ejemplos\01jest-bankaccountyotros-js\src\calculadora.js">
      <metrics statements="13" coveredstatements="13" conditionals="8" coveredconditionals="8" methods="6" coveredmethods="6"/>
      <line num="13" count="6" type="stmt"/>
      <line num="23" count="3" type="stmt"/>
      <line num="33" count="4" type="stmt"/>
      <line num="44" count="5" type="cond" truecount="2" falsecount="0"/>
      <line num="45" count="1" type="stmt"/>
      <line num="47" count="4" type="stmt"/>
      <line num="57" count="4" type="stmt"/>
      <line num="67" count="12" type="cond" truecount="2" falsecount="0"/>
      <line num="68" count="1" type="stmt"/>
      <line num="70" count="11" type="cond" truecount="4" falsecount="0"/>
      <line num="71" count="4" type="stmt"/>
      <line num="73" count="7" type="stmt"/>
      <line num="76" count="1" type="stmt"/>
    </file>
    <file name="utilidades.js" path="C:\Users\fran.matias\Documents\dwec\02\ejemplos\01jest-bankaccountyotros-js\src\utilidades.js">
      <metrics statements="19" coveredstatements="19" conditionals="10" coveredconditionals="10" methods="11" coveredmethods="11"/>
      <line num="12" count="5" type="stmt"/>
      <line num="21" count="11" type="cond" truecount="2" falsecount="0"/>
      <line num="22" count="8" type="cond" truecount="2" falsecount="0"/>
      <line num="24" count="7" type="stmt"/>
      <line num="25" count="8" type="cond" truecount="2" falsecount="0"/>
      <line num="27" count="4" type="stmt"/>
      <line num="36" count="4" type="stmt"/>
      <line num="45" count="3" type="stmt"/>
      <line num="54" count="17" type="stmt"/>
      <line num="64" count="4" type="cond" truecount="2" falsecount="0"/>
      <line num="65" count="1" type="stmt"/>
      <line num="67" count="3" type="stmt"/>
      <line num="77" count="4" type="stmt"/>
      <line num="90" count="4" type="stmt"/>
      <line num="91" count="4" type="stmt"/>
      <line num="92" count="4" type="cond" truecount="2" falsecount="0"/>
      <line num="93" count="2" type="stmt"/>
      <line num="99" count="2" type="stmt"/>
      <line num="105" count="1" type="stmt"/>
    </file>
  </project>
</coverage>
