{"C:\\Users\\fran.matias\\Documents\\dwec\\02\\ejemplos\\01jest-bankaccountyotros-js\\src\\BankAccount.js": {"path":"C:\\Users\\fran.matias\\Documents\\dwec\\02\\ejemplos\\01jest-bankaccountyotros-js\\src\\BankAccount.js","statementMap":{"0":{"start":{"line":3,"column":4},"end":{"line":3,"column":23}},"1":{"start":{"line":4,"column":4},"end":{"line":4,"column":21}},"2":{"start":{"line":5,"column":4},"end":{"line":5,"column":26}},"3":{"start":{"line":9,"column":4},"end":{"line":11,"column":5}},"4":{"start":{"line":10,"column":6},"end":{"line":10,"column":43}},"5":{"start":{"line":12,"column":4},"end":{"line":14,"column":5}},"6":{"start":{"line":13,"column":6},"end":{"line":13,"column":57}},"7":{"start":{"line":15,"column":4},"end":{"line":15,"column":27}},"8":{"start":{"line":19,"column":4},"end":{"line":21,"column":5}},"9":{"start":{"line":20,"column":6},"end":{"line":20,"column":43}},"10":{"start":{"line":22,"column":4},"end":{"line":24,"column":5}},"11":{"start":{"line":23,"column":6},"end":{"line":23,"column":58}},"12":{"start":{"line":25,"column":4},"end":{"line":27,"column":5}},"13":{"start":{"line":26,"column":6},"end":{"line":26,"column":44}},"14":{"start":{"line":28,"column":4},"end":{"line":28,"column":27}},"15":{"start":{"line":32,"column":4},"end":{"line":32,"column":24}},"16":{"start":{"line":36,"column":4},"end":{"line":36,"column":34}},"17":{"start":{"line":40,"column":4},"end":{"line":42,"column":5}},"18":{"start":{"line":41,"column":6},"end":{"line":41,"column":43}},"19":{"start":{"line":43,"column":4},"end":{"line":45,"column":5}},"20":{"start":{"line":44,"column":6},"end":{"line":44,"column":58}},"21":{"start":{"line":46,"column":4},"end":{"line":46,"column":26}},"22":{"start":{"line":47,"column":4},"end":{"line":47,"column":33}},"23":{"start":{"line":51,"column":4},"end":{"line":53,"column":5}},"24":{"start":{"line":52,"column":6},"end":{"line":52,"column":48}},"25":{"start":{"line":54,"column":4},"end":{"line":54,"column":21}},"26":{"start":{"line":55,"column":4},"end":{"line":55,"column":25}},"27":{"start":{"line":59,"column":0},"end":{"line":59,"column":29}}},"fnMap":{"0":{"name":"(anonymous_0)","decl":{"start":{"line":2,"column":2},"end":{"line":2,"column":3}},"loc":{"start":{"line":2,"column":21},"end":{"line":6,"column":3}},"line":2},"1":{"name":"(anonymous_1)","decl":{"start":{"line":8,"column":2},"end":{"line":8,"column":3}},"loc":{"start":{"line":8,"column":18},"end":{"line":16,"column":3}},"line":8},"2":{"name":"(anonymous_2)","decl":{"start":{"line":18,"column":2},"end":{"line":18,"column":3}},"loc":{"start":{"line":18,"column":19},"end":{"line":29,"column":3}},"line":18},"3":{"name":"(anonymous_3)","decl":{"start":{"line":31,"column":2},"end":{"line":31,"column":3}},"loc":{"start":{"line":31,"column":15},"end":{"line":33,"column":3}},"line":31},"4":{"name":"(anonymous_4)","decl":{"start":{"line":35,"column":2},"end":{"line":35,"column":3}},"loc":{"start":{"line":35,"column":19},"end":{"line":37,"column":3}},"line":35},"5":{"name":"(anonymous_5)","decl":{"start":{"line":39,"column":2},"end":{"line":39,"column":3}},"loc":{"start":{"line":39,"column":35},"end":{"line":48,"column":3}},"line":39},"6":{"name":"(anonymous_6)","decl":{"start":{"line":50,"column":2},"end":{"line":50,"column":3}},"loc":{"start":{"line":50,"column":17},"end":{"line":56,"column":3}},"line":50}},"branchMap":{"0":{"loc":{"start":{"line":9,"column":4},"end":{"line":11,"column":5}},"type":"if","locations":[{"start":{"line":9,"column":4},"end":{"line":11,"column":5}},{"start":{},"end":{}}],"line":9},"1":{"loc":{"start":{"line":12,"column":4},"end":{"line":14,"column":5}},"type":"if","locations":[{"start":{"line":12,"column":4},"end":{"line":14,"column":5}},{"start":{},"end":{}}],"line":12},"2":{"loc":{"start":{"line":19,"column":4},"end":{"line":21,"column":5}},"type":"if","locations":[{"start":{"line":19,"column":4},"end":{"line":21,"column":5}},{"start":{},"end":{}}],"line":19},"3":{"loc":{"start":{"line":22,"column":4},"end":{"line":24,"column":5}},"type":"if","locations":[{"start":{"line":22,"column":4},"end":{"line":24,"column":5}},{"start":{},"end":{}}],"line":22},"4":{"loc":{"start":{"line":25,"column":4},"end":{"line":27,"column":5}},"type":"if","locations":[{"start":{"line":25,"column":4},"end":{"line":27,"column":5}},{"start":{},"end":{}}],"line":25},"5":{"loc":{"start":{"line":40,"column":4},"end":{"line":42,"column":5}},"type":"if","locations":[{"start":{"line":40,"column":4},"end":{"line":42,"column":5}},{"start":{},"end":{}}],"line":40},"6":{"loc":{"start":{"line":43,"column":4},"end":{"line":45,"column":5}},"type":"if","locations":[{"start":{"line":43,"column":4},"end":{"line":45,"column":5}},{"start":{},"end":{}}],"line":43},"7":{"loc":{"start":{"line":51,"column":4},"end":{"line":53,"column":5}},"type":"if","locations":[{"start":{"line":51,"column":4},"end":{"line":53,"column":5}},{"start":{},"end":{}}],"line":51}},"s":{"0":36,"1":36,"2":36,"3":33,"4":2,"5":31,"6":2,"7":29,"8":16,"9":2,"10":14,"11":3,"12":11,"13":2,"14":9,"15":14,"16":4,"17":10,"18":2,"19":8,"20":1,"21":7,"22":5,"23":8,"24":1,"25":7,"26":7,"27":1},"f":{"0":36,"1":33,"2":16,"3":14,"4":4,"5":10,"6":8},"b":{"0":[2,31],"1":[2,29],"2":[2,14],"3":[3,11],"4":[2,9],"5":[2,8],"6":[1,7],"7":[1,7]},"_coverageSchema":"1a1c01bbd47fc00a2c39e90264f33305004495a9","hash":"816fc4a6518fb94b118876af526560cb29c928ca"}
,"C:\\Users\\fran.matias\\Documents\\dwec\\02\\ejemplos\\01jest-bankaccountyotros-js\\src\\calculadora.js": {"path":"C:\\Users\\fran.matias\\Documents\\dwec\\02\\ejemplos\\01jest-bankaccountyotros-js\\src\\calculadora.js","statementMap":{"0":{"start":{"line":13,"column":2},"end":{"line":13,"column":15}},"1":{"start":{"line":23,"column":2},"end":{"line":23,"column":15}},"2":{"start":{"line":33,"column":2},"end":{"line":33,"column":15}},"3":{"start":{"line":44,"column":2},"end":{"line":46,"column":3}},"4":{"start":{"line":45,"column":4},"end":{"line":45,"column":52}},"5":{"start":{"line":47,"column":2},"end":{"line":47,"column":15}},"6":{"start":{"line":57,"column":2},"end":{"line":57,"column":35}},"7":{"start":{"line":67,"column":2},"end":{"line":69,"column":3}},"8":{"start":{"line":68,"column":4},"end":{"line":68,"column":79}},"9":{"start":{"line":70,"column":2},"end":{"line":72,"column":3}},"10":{"start":{"line":71,"column":4},"end":{"line":71,"column":13}},"11":{"start":{"line":73,"column":2},"end":{"line":73,"column":30}},"12":{"start":{"line":76,"column":0},"end":{"line":83,"column":2}}},"fnMap":{"0":{"name":"sumar","decl":{"start":{"line":12,"column":9},"end":{"line":12,"column":14}},"loc":{"start":{"line":12,"column":21},"end":{"line":14,"column":1}},"line":12},"1":{"name":"restar","decl":{"start":{"line":22,"column":9},"end":{"line":22,"column":15}},"loc":{"start":{"line":22,"column":22},"end":{"line":24,"column":1}},"line":22},"2":{"name":"multiplicar","decl":{"start":{"line":32,"column":9},"end":{"line":32,"column":20}},"loc":{"start":{"line":32,"column":27},"end":{"line":34,"column":1}},"line":32},"3":{"name":"dividir","decl":{"start":{"line":43,"column":9},"end":{"line":43,"column":16}},"loc":{"start":{"line":43,"column":23},"end":{"line":48,"column":1}},"line":43},"4":{"name":"potencia","decl":{"start":{"line":56,"column":9},"end":{"line":56,"column":17}},"loc":{"start":{"line":56,"column":35},"end":{"line":58,"column":1}},"line":56},"5":{"name":"factorial","decl":{"start":{"line":66,"column":9},"end":{"line":66,"column":18}},"loc":{"start":{"line":66,"column":22},"end":{"line":74,"column":1}},"line":66}},"branchMap":{"0":{"loc":{"start":{"line":44,"column":2},"end":{"line":46,"column":3}},"type":"if","locations":[{"start":{"line":44,"column":2},"end":{"line":46,"column":3}},{"start":{},"end":{}}],"line":44},"1":{"loc":{"start":{"line":67,"column":2},"end":{"line":69,"column":3}},"type":"if","locations":[{"start":{"line":67,"column":2},"end":{"line":69,"column":3}},{"start":{},"end":{}}],"line":67},"2":{"loc":{"start":{"line":70,"column":2},"end":{"line":72,"column":3}},"type":"if","locations":[{"start":{"line":70,"column":2},"end":{"line":72,"column":3}},{"start":{},"end":{}}],"line":70},"3":{"loc":{"start":{"line":70,"column":6},"end":{"line":70,"column":24}},"type":"binary-expr","locations":[{"start":{"line":70,"column":6},"end":{"line":70,"column":13}},{"start":{"line":70,"column":17},"end":{"line":70,"column":24}}],"line":70}},"s":{"0":6,"1":3,"2":4,"3":5,"4":1,"5":4,"6":4,"7":12,"8":1,"9":11,"10":4,"11":7,"12":1},"f":{"0":6,"1":3,"2":4,"3":5,"4":4,"5":12},"b":{"0":[1,4],"1":[1,11],"2":[4,7],"3":[11,10]},"_coverageSchema":"1a1c01bbd47fc00a2c39e90264f33305004495a9","hash":"2c20ebe4ed54c1908fc1087015727df4569c0287"}
,"C:\\Users\\fran.matias\\Documents\\dwec\\02\\ejemplos\\01jest-bankaccountyotros-js\\src\\utilidades.js": {"path":"C:\\Users\\fran.matias\\Documents\\dwec\\02\\ejemplos\\01jest-bankaccountyotros-js\\src\\utilidades.js","statementMap":{"0":{"start":{"line":12,"column":2},"end":{"line":12,"column":23}},"1":{"start":{"line":21,"column":2},"end":{"line":21,"column":29}},"2":{"start":{"line":21,"column":16},"end":{"line":21,"column":29}},"3":{"start":{"line":22,"column":2},"end":{"line":22,"column":29}},"4":{"start":{"line":22,"column":17},"end":{"line":22,"column":29}},"5":{"start":{"line":24,"column":2},"end":{"line":26,"column":3}},"6":{"start":{"line":24,"column":15},"end":{"line":24,"column":16}},"7":{"start":{"line":25,"column":4},"end":{"line":25,"column":36}},"8":{"start":{"line":25,"column":23},"end":{"line":25,"column":36}},"9":{"start":{"line":27,"column":2},"end":{"line":27,"column":14}},"10":{"start":{"line":36,"column":2},"end":{"line":36,"column":42}},"11":{"start":{"line":45,"column":2},"end":{"line":45,"column":27}},"12":{"start":{"line":54,"column":2},"end":{"line":54,"column":44}},"13":{"start":{"line":54,"column":29},"end":{"line":54,"column":42}},"14":{"start":{"line":64,"column":2},"end":{"line":66,"column":3}},"15":{"start":{"line":65,"column":4},"end":{"line":65,"column":53}},"16":{"start":{"line":67,"column":2},"end":{"line":67,"column":28}},"17":{"start":{"line":77,"column":2},"end":{"line":81,"column":4}},"18":{"start":{"line":90,"column":2},"end":{"line":102,"column":5}},"19":{"start":{"line":91,"column":4},"end":{"line":101,"column":12}},"20":{"start":{"line":92,"column":6},"end":{"line":100,"column":7}},"21":{"start":{"line":93,"column":8},"end":{"line":97,"column":11}},"22":{"start":{"line":99,"column":8},"end":{"line":99,"column":41}},"23":{"start":{"line":105,"column":0},"end":{"line":114,"column":2}}},"fnMap":{"0":{"name":"esPar","decl":{"start":{"line":11,"column":9},"end":{"line":11,"column":14}},"loc":{"start":{"line":11,"column":20},"end":{"line":13,"column":1}},"line":11},"1":{"name":"esPrimo","decl":{"start":{"line":20,"column":9},"end":{"line":20,"column":16}},"loc":{"start":{"line":20,"column":22},"end":{"line":28,"column":1}},"line":20},"2":{"name":"invertirCadena","decl":{"start":{"line":35,"column":9},"end":{"line":35,"column":23}},"loc":{"start":{"line":35,"column":29},"end":{"line":37,"column":1}},"line":35},"3":{"name":"aMayusculas","decl":{"start":{"line":44,"column":9},"end":{"line":44,"column":20}},"loc":{"start":{"line":44,"column":26},"end":{"line":46,"column":1}},"line":44},"4":{"name":"filtrarPares","decl":{"start":{"line":53,"column":9},"end":{"line":53,"column":21}},"loc":{"start":{"line":53,"column":29},"end":{"line":55,"column":1}},"line":53},"5":{"name":"(anonymous_5)","decl":{"start":{"line":54,"column":22},"end":{"line":54,"column":23}},"loc":{"start":{"line":54,"column":29},"end":{"line":54,"column":42}},"line":54},"6":{"name":"obtenerMaximo","decl":{"start":{"line":63,"column":9},"end":{"line":63,"column":22}},"loc":{"start":{"line":63,"column":30},"end":{"line":68,"column":1}},"line":63},"7":{"name":"crearUsuario","decl":{"start":{"line":76,"column":9},"end":{"line":76,"column":21}},"loc":{"start":{"line":76,"column":36},"end":{"line":82,"column":1}},"line":76},"8":{"name":"obtenerUsuarioAsync","decl":{"start":{"line":89,"column":15},"end":{"line":89,"column":34}},"loc":{"start":{"line":89,"column":39},"end":{"line":103,"column":1}},"line":89},"9":{"name":"(anonymous_9)","decl":{"start":{"line":90,"column":21},"end":{"line":90,"column":22}},"loc":{"start":{"line":90,"column":42},"end":{"line":102,"column":3}},"line":90},"10":{"name":"(anonymous_10)","decl":{"start":{"line":91,"column":15},"end":{"line":91,"column":16}},"loc":{"start":{"line":91,"column":21},"end":{"line":101,"column":5}},"line":91}},"branchMap":{"0":{"loc":{"start":{"line":21,"column":2},"end":{"line":21,"column":29}},"type":"if","locations":[{"start":{"line":21,"column":2},"end":{"line":21,"column":29}},{"start":{},"end":{}}],"line":21},"1":{"loc":{"start":{"line":22,"column":2},"end":{"line":22,"column":29}},"type":"if","locations":[{"start":{"line":22,"column":2},"end":{"line":22,"column":29}},{"start":{},"end":{}}],"line":22},"2":{"loc":{"start":{"line":25,"column":4},"end":{"line":25,"column":36}},"type":"if","locations":[{"start":{"line":25,"column":4},"end":{"line":25,"column":36}},{"start":{},"end":{}}],"line":25},"3":{"loc":{"start":{"line":64,"column":2},"end":{"line":66,"column":3}},"type":"if","locations":[{"start":{"line":64,"column":2},"end":{"line":66,"column":3}},{"start":{},"end":{}}],"line":64},"4":{"loc":{"start":{"line":92,"column":6},"end":{"line":100,"column":7}},"type":"if","locations":[{"start":{"line":92,"column":6},"end":{"line":100,"column":7}},{"start":{"line":98,"column":13},"end":{"line":100,"column":7}}],"line":92}},"s":{"0":5,"1":11,"2":3,"3":8,"4":1,"5":7,"6":7,"7":8,"8":3,"9":4,"10":4,"11":3,"12":4,"13":17,"14":4,"15":1,"16":3,"17":4,"18":4,"19":4,"20":4,"21":2,"22":2,"23":1},"f":{"0":5,"1":11,"2":4,"3":3,"4":4,"5":17,"6":4,"7":4,"8":4,"9":4,"10":4},"b":{"0":[3,8],"1":[1,7],"2":[3,5],"3":[1,3],"4":[2,2]},"_coverageSchema":"1a1c01bbd47fc00a2c39e90264f33305004495a9","hash":"176ee0b1d3ada267c4009cd8dd5017a6be13d82d"}
}
