TN:
SF:src\BankAccount.js
FN:2,(anonymous_0)
FN:8,(anonymous_1)
FN:18,(anonymous_2)
FN:31,(anonymous_3)
FN:35,(anonymous_4)
FN:39,(anonymous_5)
FN:50,(anonymous_6)
FNF:7
FNH:7
FNDA:36,(anonymous_0)
FNDA:33,(anonymous_1)
FNDA:16,(anonymous_2)
FNDA:14,(anonymous_3)
FNDA:4,(anonymous_4)
FNDA:10,(anonymous_5)
FNDA:8,(anonymous_6)
DA:3,36
DA:4,36
DA:5,36
DA:9,33
DA:10,2
DA:12,31
DA:13,2
DA:15,29
DA:19,16
DA:20,2
DA:22,14
DA:23,3
DA:25,11
DA:26,2
DA:28,9
DA:32,14
DA:36,4
DA:40,10
DA:41,2
DA:43,8
DA:44,1
DA:46,7
DA:47,5
DA:51,8
DA:52,1
DA:54,7
DA:55,7
DA:59,1
LF:28
LH:28
BRDA:9,0,0,2
BRDA:9,0,1,31
BRDA:12,1,0,2
BRDA:12,1,1,29
BRDA:19,2,0,2
BRDA:19,2,1,14
BRDA:22,3,0,3
BRDA:22,3,1,11
BRDA:25,4,0,2
BRDA:25,4,1,9
BRDA:40,5,0,2
BRDA:40,5,1,8
BRDA:43,6,0,1
BRDA:43,6,1,7
BRDA:51,7,0,1
BRDA:51,7,1,7
BRF:16
BRH:16
end_of_record
TN:
SF:src\calculadora.js
FN:12,sumar
FN:22,restar
FN:32,multiplicar
FN:43,dividir
FN:56,potencia
FN:66,factorial
FNF:6
FNH:6
FNDA:6,sumar
FNDA:3,restar
FNDA:4,multiplicar
FNDA:5,dividir
FNDA:4,potencia
FNDA:12,factorial
DA:13,6
DA:23,3
DA:33,4
DA:44,5
DA:45,1
DA:47,4
DA:57,4
DA:67,12
DA:68,1
DA:70,11
DA:71,4
DA:73,7
DA:76,1
LF:13
LH:13
BRDA:44,0,0,1
BRDA:44,0,1,4
BRDA:67,1,0,1
BRDA:67,1,1,11
BRDA:70,2,0,4
BRDA:70,2,1,7
BRDA:70,3,0,11
BRDA:70,3,1,10
BRF:8
BRH:8
end_of_record
TN:
SF:src\utilidades.js
FN:11,esPar
FN:20,esPrimo
FN:35,invertirCadena
FN:44,aMayusculas
FN:53,filtrarPares
FN:54,(anonymous_5)
FN:63,obtenerMaximo
FN:76,crearUsuario
FN:89,obtenerUsuarioAsync
FN:90,(anonymous_9)
FN:91,(anonymous_10)
FNF:11
FNH:11
FNDA:5,esPar
FNDA:11,esPrimo
FNDA:4,invertirCadena
FNDA:3,aMayusculas
FNDA:4,filtrarPares
FNDA:17,(anonymous_5)
FNDA:4,obtenerMaximo
FNDA:4,crearUsuario
FNDA:4,obtenerUsuarioAsync
FNDA:4,(anonymous_9)
FNDA:4,(anonymous_10)
DA:12,5
DA:21,11
DA:22,8
DA:24,7
DA:25,8
DA:27,4
DA:36,4
DA:45,3
DA:54,17
DA:64,4
DA:65,1
DA:67,3
DA:77,4
DA:90,4
DA:91,4
DA:92,4
DA:93,2
DA:99,2
DA:105,1
LF:19
LH:19
BRDA:21,0,0,3
BRDA:21,0,1,8
BRDA:22,1,0,1
BRDA:22,1,1,7
BRDA:25,2,0,3
BRDA:25,2,1,5
BRDA:64,3,0,1
BRDA:64,3,1,3
BRDA:92,4,0,2
BRDA:92,4,1,2
BRF:10
BRH:10
end_of_record
