{"C:\\Users\\fran.matias\\Documents\\dwec\\02\\ejemplos\\03jest-generadorpasswdtest-ts-ej07\\src\\lib\\generate-passwd.ts": {"path":"C:\\Users\\fran.matias\\Documents\\dwec\\02\\ejemplos\\03jest-generadorpasswdtest-ts-ej07\\src\\lib\\generate-passwd.ts","statementMap":{"0":{"start":{"line":15,"column":0},"end":{"line":15,"column":16}},"1":{"start":{"line":24,"column":2},"end":{"line":26,"column":3}},"2":{"start":{"line":25,"column":4},"end":{"line":25,"column":85}},"3":{"start":{"line":27,"column":2},"end":{"line":29,"column":3}},"4":{"start":{"line":28,"column":4},"end":{"line":28,"column":75}},"5":{"start":{"line":31,"column":25},"end":{"line":31,"column":53}},"6":{"start":{"line":32,"column":25},"end":{"line":32,"column":53}},"7":{"start":{"line":33,"column":22},"end":{"line":33,"column":34}},"8":{"start":{"line":34,"column":25},"end":{"line":34,"column":51}},"9":{"start":{"line":35,"column":18},"end":{"line":35,"column":49}},"10":{"start":{"line":37,"column":17},"end":{"line":37,"column":19}},"11":{"start":{"line":38,"column":2},"end":{"line":38,"column":47}},"12":{"start":{"line":38,"column":20},"end":{"line":38,"column":47}},"13":{"start":{"line":39,"column":2},"end":{"line":39,"column":47}},"14":{"start":{"line":39,"column":20},"end":{"line":39,"column":47}},"15":{"start":{"line":40,"column":2},"end":{"line":40,"column":42}},"16":{"start":{"line":40,"column":18},"end":{"line":40,"column":42}},"17":{"start":{"line":41,"column":2},"end":{"line":41,"column":55}},"18":{"start":{"line":41,"column":35},"end":{"line":41,"column":55}},"19":{"start":{"line":43,"column":25},"end":{"line":43,"column":92}},"20":{"start":{"line":44,"column":17},"end":{"line":44,"column":19}},"21":{"start":{"line":46,"column":2},"end":{"line":49,"column":3}},"22":{"start":{"line":46,"column":15},"end":{"line":46,"column":16}},"23":{"start":{"line":47,"column":24},"end":{"line":47,"column":67}},"24":{"start":{"line":48,"column":4},"end":{"line":48,"column":38}},"25":{"start":{"line":50,"column":2},"end":{"line":50,"column":18}}},"fnMap":{"0":{"name":"generatePassword","decl":{"start":{"line":15,"column":16},"end":{"line":15,"column":32}},"loc":{"start":{"line":22,"column":24},"end":{"line":51,"column":1}}}},"branchMap":{"0":{"loc":{"start":{"line":24,"column":2},"end":{"line":26,"column":3}},"type":"if","locations":[{"start":{"line":24,"column":2},"end":{"line":26,"column":3}},{"start":{},"end":{}}]},"1":{"loc":{"start":{"line":27,"column":2},"end":{"line":29,"column":3}},"type":"if","locations":[{"start":{"line":27,"column":2},"end":{"line":29,"column":3}},{"start":{},"end":{}}]},"2":{"loc":{"start":{"line":27,"column":6},"end":{"line":27,"column":84}},"type":"binary-expr","locations":[{"start":{"line":27,"column":6},"end":{"line":27,"column":19}},{"start":{"line":27,"column":23},"end":{"line":27,"column":36}},{"start":{"line":27,"column":40},"end":{"line":27,"column":51}},{"start":{"line":27,"column":55},"end":{"line":27,"column":66}},{"start":{"line":27,"column":70},"end":{"line":27,"column":84}}]},"3":{"loc":{"start":{"line":35,"column":18},"end":{"line":35,"column":49}},"type":"binary-expr","locations":[{"start":{"line":35,"column":18},"end":{"line":35,"column":31}},{"start":{"line":35,"column":35},"end":{"line":35,"column":49}}]},"4":{"loc":{"start":{"line":38,"column":2},"end":{"line":38,"column":47}},"type":"if","locations":[{"start":{"line":38,"column":2},"end":{"line":38,"column":47}},{"start":{},"end":{}}]},"5":{"loc":{"start":{"line":39,"column":2},"end":{"line":39,"column":47}},"type":"if","locations":[{"start":{"line":39,"column":2},"end":{"line":39,"column":47}},{"start":{},"end":{}}]},"6":{"loc":{"start":{"line":40,"column":2},"end":{"line":40,"column":42}},"type":"if","locations":[{"start":{"line":40,"column":2},"end":{"line":40,"column":42}},{"start":{},"end":{}}]},"7":{"loc":{"start":{"line":41,"column":2},"end":{"line":41,"column":55}},"type":"if","locations":[{"start":{"line":41,"column":2},"end":{"line":41,"column":55}},{"start":{},"end":{}}]},"8":{"loc":{"start":{"line":41,"column":6},"end":{"line":41,"column":33}},"type":"binary-expr","locations":[{"start":{"line":41,"column":6},"end":{"line":41,"column":16}},{"start":{"line":41,"column":20},"end":{"line":41,"column":33}}]}},"s":{"0":1,"1":8,"2":1,"3":7,"4":1,"5":6,"6":6,"7":6,"8":6,"9":6,"10":6,"11":6,"12":2,"13":6,"14":2,"15":6,"16":2,"17":6,"18":3,"19":6,"20":6,"21":6,"22":6,"23":63,"24":63,"25":6},"f":{"0":8},"b":{"0":[1,7],"1":[1,6],"2":[7,5,4,3,2],"3":[6,5],"4":[2,4],"5":[2,4],"6":[2,4],"7":[3,3],"8":[6,4]}}
}
