TN:
SF:src\lib\generate-passwd.ts
FN:15,generatePassword
FNF:1
FNH:1
FNDA:8,generatePassword
DA:15,1
DA:24,8
DA:25,1
DA:27,7
DA:28,1
DA:31,6
DA:32,6
DA:33,6
DA:34,6
DA:35,6
DA:37,6
DA:38,6
DA:39,6
DA:40,6
DA:41,6
DA:43,6
DA:44,6
DA:46,6
DA:47,63
DA:48,63
DA:50,6
LF:21
LH:21
BRDA:24,0,0,1
BRDA:24,0,1,7
BRDA:27,1,0,1
BRDA:27,1,1,6
BRDA:27,2,0,7
BRDA:27,2,1,5
BRDA:27,2,2,4
BRDA:27,2,3,3
BRDA:27,2,4,2
BRDA:35,3,0,6
BRDA:35,3,1,5
BRDA:38,4,0,2
BRDA:38,4,1,4
BRDA:39,5,0,2
BRDA:39,5,1,4
BRDA:40,6,0,2
BRDA:40,6,1,4
BRDA:41,7,0,3
BRDA:41,7,1,3
BRDA:41,8,0,6
BRDA:41,8,1,4
BRF:21
BRH:21
end_of_record
